Determining if the include file bitypes.h exists failed with the following output:
Change Dir: /home/nvidia/df/libpcap-1.9.1/build/CMakeFiles/CMakeTmp

Run Build Command(s):/usr/bin/gmake -f Makefile cmTC_ff690/fast && /usr/bin/gmake  -f CMakeFiles/cmTC_ff690.dir/build.make CMakeFiles/cmTC_ff690.dir/build
gmake[1]: Entering directory '/home/nvidia/df/libpcap-1.9.1/build/CMakeFiles/CMakeTmp'
Building C object CMakeFiles/cmTC_ff690.dir/CheckIncludeFile.c.o
/home/nvidia/df/HAD/S73a2/toolchain/arm-gnu-toolchain-12.2.rel1-x86_64-aarch64-none-linux-gnu/bin/aarch64-none-linux-gnu-gcc    -o CMakeFiles/cmTC_ff690.dir/CheckIncludeFile.c.o -c /home/nvidia/df/libpcap-1.9.1/build/CMakeFiles/CMakeTmp/CheckIncludeFile.c
/home/nvidia/df/libpcap-1.9.1/build/CMakeFiles/CMakeTmp/CheckIncludeFile.c:1:10: fatal error: bitypes.h: No such file or directory
    1 | #include <bitypes.h>
      |          ^~~~~~~~~~~
compilation terminated.
gmake[1]: *** [CMakeFiles/cmTC_ff690.dir/build.make:78: CMakeFiles/cmTC_ff690.dir/CheckIncludeFile.c.o] Error 1
gmake[1]: Leaving directory '/home/nvidia/df/libpcap-1.9.1/build/CMakeFiles/CMakeTmp'
gmake: *** [Makefile:127: cmTC_ff690/fast] Error 2



Determining if the include file sys/ioccom.h exists failed with the following output:
Change Dir: /home/nvidia/df/libpcap-1.9.1/build/CMakeFiles/CMakeTmp

Run Build Command(s):/usr/bin/gmake -f Makefile cmTC_85e09/fast && /usr/bin/gmake  -f CMakeFiles/cmTC_85e09.dir/build.make CMakeFiles/cmTC_85e09.dir/build
gmake[1]: Entering directory '/home/nvidia/df/libpcap-1.9.1/build/CMakeFiles/CMakeTmp'
Building C object CMakeFiles/cmTC_85e09.dir/CheckIncludeFile.c.o
/home/nvidia/df/HAD/S73a2/toolchain/arm-gnu-toolchain-12.2.rel1-x86_64-aarch64-none-linux-gnu/bin/aarch64-none-linux-gnu-gcc    -o CMakeFiles/cmTC_85e09.dir/CheckIncludeFile.c.o -c /home/nvidia/df/libpcap-1.9.1/build/CMakeFiles/CMakeTmp/CheckIncludeFile.c
/home/nvidia/df/libpcap-1.9.1/build/CMakeFiles/CMakeTmp/CheckIncludeFile.c:1:10: fatal error: sys/ioccom.h: No such file or directory
    1 | #include <sys/ioccom.h>
      |          ^~~~~~~~~~~~~~
compilation terminated.
gmake[1]: *** [CMakeFiles/cmTC_85e09.dir/build.make:78: CMakeFiles/cmTC_85e09.dir/CheckIncludeFile.c.o] Error 1
gmake[1]: Leaving directory '/home/nvidia/df/libpcap-1.9.1/build/CMakeFiles/CMakeTmp'
gmake: *** [Makefile:127: cmTC_85e09/fast] Error 2



Determining if the include file sys/sockio.h exists failed with the following output:
Change Dir: /home/nvidia/df/libpcap-1.9.1/build/CMakeFiles/CMakeTmp

Run Build Command(s):/usr/bin/gmake -f Makefile cmTC_cbd3e/fast && /usr/bin/gmake  -f CMakeFiles/cmTC_cbd3e.dir/build.make CMakeFiles/cmTC_cbd3e.dir/build
gmake[1]: Entering directory '/home/nvidia/df/libpcap-1.9.1/build/CMakeFiles/CMakeTmp'
Building C object CMakeFiles/cmTC_cbd3e.dir/CheckIncludeFile.c.o
/home/nvidia/df/HAD/S73a2/toolchain/arm-gnu-toolchain-12.2.rel1-x86_64-aarch64-none-linux-gnu/bin/aarch64-none-linux-gnu-gcc    -o CMakeFiles/cmTC_cbd3e.dir/CheckIncludeFile.c.o -c /home/nvidia/df/libpcap-1.9.1/build/CMakeFiles/CMakeTmp/CheckIncludeFile.c
/home/nvidia/df/libpcap-1.9.1/build/CMakeFiles/CMakeTmp/CheckIncludeFile.c:1:10: fatal error: sys/sockio.h: No such file or directory
    1 | #include <sys/sockio.h>
      |          ^~~~~~~~~~~~~~
compilation terminated.
gmake[1]: *** [CMakeFiles/cmTC_cbd3e.dir/build.make:78: CMakeFiles/cmTC_cbd3e.dir/CheckIncludeFile.c.o] Error 1
gmake[1]: Leaving directory '/home/nvidia/df/libpcap-1.9.1/build/CMakeFiles/CMakeTmp'
gmake: *** [Makefile:127: cmTC_cbd3e/fast] Error 2



Determining if files sys/types.h;sys/socket.h;net/if.h;net/pfvar.h exist failed with the following output:
Change Dir: /home/nvidia/df/libpcap-1.9.1/build/CMakeFiles/CMakeTmp

Run Build Command(s):/usr/bin/gmake -f Makefile cmTC_ad1fd/fast && /usr/bin/gmake  -f CMakeFiles/cmTC_ad1fd.dir/build.make CMakeFiles/cmTC_ad1fd.dir/build
gmake[1]: Entering directory '/home/nvidia/df/libpcap-1.9.1/build/CMakeFiles/CMakeTmp'
Building C object CMakeFiles/cmTC_ad1fd.dir/HAVE_NET_PFVAR_H.c.o
/home/nvidia/df/HAD/S73a2/toolchain/arm-gnu-toolchain-12.2.rel1-x86_64-aarch64-none-linux-gnu/bin/aarch64-none-linux-gnu-gcc    -o CMakeFiles/cmTC_ad1fd.dir/HAVE_NET_PFVAR_H.c.o -c /home/nvidia/df/libpcap-1.9.1/build/CMakeFiles/CheckIncludeFiles/HAVE_NET_PFVAR_H.c
/home/nvidia/df/libpcap-1.9.1/build/CMakeFiles/CheckIncludeFiles/HAVE_NET_PFVAR_H.c:5:10: fatal error: net/pfvar.h: No such file or directory
    5 | #include <net/pfvar.h>
      |          ^~~~~~~~~~~~~
compilation terminated.
gmake[1]: *** [CMakeFiles/cmTC_ad1fd.dir/build.make:78: CMakeFiles/cmTC_ad1fd.dir/HAVE_NET_PFVAR_H.c.o] Error 1
gmake[1]: Leaving directory '/home/nvidia/df/libpcap-1.9.1/build/CMakeFiles/CMakeTmp'
gmake: *** [Makefile:127: cmTC_ad1fd/fast] Error 2


Source:
/* */
#include <sys/types.h>
#include <sys/socket.h>
#include <net/if.h>
#include <net/pfvar.h>


int main(void){return 0;}

Determining if the function strlcpy exists failed with the following output:
Change Dir: /home/nvidia/df/libpcap-1.9.1/build/CMakeFiles/CMakeTmp

Run Build Command(s):/usr/bin/gmake -f Makefile cmTC_f64fc/fast && /usr/bin/gmake  -f CMakeFiles/cmTC_f64fc.dir/build.make CMakeFiles/cmTC_f64fc.dir/build
gmake[1]: Entering directory '/home/nvidia/df/libpcap-1.9.1/build/CMakeFiles/CMakeTmp'
Building C object CMakeFiles/cmTC_f64fc.dir/CheckFunctionExists.c.o
/home/nvidia/df/HAD/S73a2/toolchain/arm-gnu-toolchain-12.2.rel1-x86_64-aarch64-none-linux-gnu/bin/aarch64-none-linux-gnu-gcc   -DCHECK_FUNCTION_EXISTS=strlcpy -o CMakeFiles/cmTC_f64fc.dir/CheckFunctionExists.c.o -c /usr/share/cmake-3.22/Modules/CheckFunctionExists.c
Linking C executable cmTC_f64fc
/usr/bin/cmake -E cmake_link_script CMakeFiles/cmTC_f64fc.dir/link.txt --verbose=1
/home/nvidia/df/HAD/S73a2/toolchain/arm-gnu-toolchain-12.2.rel1-x86_64-aarch64-none-linux-gnu/bin/aarch64-none-linux-gnu-gcc  -DCHECK_FUNCTION_EXISTS=strlcpy -rdynamic CMakeFiles/cmTC_f64fc.dir/CheckFunctionExists.c.o -o cmTC_f64fc 
/home/nvidia/df/HAD/S73a2/toolchain/arm-gnu-toolchain-12.2.rel1-x86_64-aarch64-none-linux-gnu/bin/../lib/gcc/aarch64-none-linux-gnu/12.2.1/../../../../aarch64-none-linux-gnu/bin/ld: CMakeFiles/cmTC_f64fc.dir/CheckFunctionExists.c.o: in function `main':
CheckFunctionExists.c:(.text+0x10): undefined reference to `strlcpy'
collect2: error: ld returned 1 exit status
gmake[1]: *** [CMakeFiles/cmTC_f64fc.dir/build.make:99: cmTC_f64fc] Error 1
gmake[1]: Leaving directory '/home/nvidia/df/libpcap-1.9.1/build/CMakeFiles/CMakeTmp'
gmake: *** [Makefile:127: cmTC_f64fc/fast] Error 2



Determining if the function strlcat exists failed with the following output:
Change Dir: /home/nvidia/df/libpcap-1.9.1/build/CMakeFiles/CMakeTmp

Run Build Command(s):/usr/bin/gmake -f Makefile cmTC_e0b8d/fast && /usr/bin/gmake  -f CMakeFiles/cmTC_e0b8d.dir/build.make CMakeFiles/cmTC_e0b8d.dir/build
gmake[1]: Entering directory '/home/nvidia/df/libpcap-1.9.1/build/CMakeFiles/CMakeTmp'
Building C object CMakeFiles/cmTC_e0b8d.dir/CheckFunctionExists.c.o
/home/nvidia/df/HAD/S73a2/toolchain/arm-gnu-toolchain-12.2.rel1-x86_64-aarch64-none-linux-gnu/bin/aarch64-none-linux-gnu-gcc   -DCHECK_FUNCTION_EXISTS=strlcat -o CMakeFiles/cmTC_e0b8d.dir/CheckFunctionExists.c.o -c /usr/share/cmake-3.22/Modules/CheckFunctionExists.c
Linking C executable cmTC_e0b8d
/usr/bin/cmake -E cmake_link_script CMakeFiles/cmTC_e0b8d.dir/link.txt --verbose=1
/home/nvidia/df/HAD/S73a2/toolchain/arm-gnu-toolchain-12.2.rel1-x86_64-aarch64-none-linux-gnu/bin/aarch64-none-linux-gnu-gcc  -DCHECK_FUNCTION_EXISTS=strlcat -rdynamic CMakeFiles/cmTC_e0b8d.dir/CheckFunctionExists.c.o -o cmTC_e0b8d 
/home/nvidia/df/HAD/S73a2/toolchain/arm-gnu-toolchain-12.2.rel1-x86_64-aarch64-none-linux-gnu/bin/../lib/gcc/aarch64-none-linux-gnu/12.2.1/../../../../aarch64-none-linux-gnu/bin/ld: CMakeFiles/cmTC_e0b8d.dir/CheckFunctionExists.c.o: in function `main':
CheckFunctionExists.c:(.text+0x10): undefined reference to `strlcat'
collect2: error: ld returned 1 exit status
gmake[1]: *** [CMakeFiles/cmTC_e0b8d.dir/build.make:99: cmTC_e0b8d] Error 1
gmake[1]: Leaving directory '/home/nvidia/df/libpcap-1.9.1/build/CMakeFiles/CMakeTmp'
gmake: *** [Makefile:127: cmTC_e0b8d/fast] Error 2



Determining if the function putmsg exists failed with the following output:
Change Dir: /home/nvidia/df/libpcap-1.9.1/build/CMakeFiles/CMakeTmp

Run Build Command(s):/usr/bin/gmake -f Makefile cmTC_c85b5/fast && /usr/bin/gmake  -f CMakeFiles/cmTC_c85b5.dir/build.make CMakeFiles/cmTC_c85b5.dir/build
gmake[1]: Entering directory '/home/nvidia/df/libpcap-1.9.1/build/CMakeFiles/CMakeTmp'
Building C object CMakeFiles/cmTC_c85b5.dir/CheckFunctionExists.c.o
/home/nvidia/df/HAD/S73a2/toolchain/arm-gnu-toolchain-12.2.rel1-x86_64-aarch64-none-linux-gnu/bin/aarch64-none-linux-gnu-gcc   -DCHECK_FUNCTION_EXISTS=putmsg -o CMakeFiles/cmTC_c85b5.dir/CheckFunctionExists.c.o -c /usr/share/cmake-3.22/Modules/CheckFunctionExists.c
Linking C executable cmTC_c85b5
/usr/bin/cmake -E cmake_link_script CMakeFiles/cmTC_c85b5.dir/link.txt --verbose=1
/home/nvidia/df/HAD/S73a2/toolchain/arm-gnu-toolchain-12.2.rel1-x86_64-aarch64-none-linux-gnu/bin/aarch64-none-linux-gnu-gcc  -DCHECK_FUNCTION_EXISTS=putmsg -rdynamic CMakeFiles/cmTC_c85b5.dir/CheckFunctionExists.c.o -o cmTC_c85b5 
/home/nvidia/df/HAD/S73a2/toolchain/arm-gnu-toolchain-12.2.rel1-x86_64-aarch64-none-linux-gnu/bin/../lib/gcc/aarch64-none-linux-gnu/12.2.1/../../../../aarch64-none-linux-gnu/bin/ld: CMakeFiles/cmTC_c85b5.dir/CheckFunctionExists.c.o: in function `main':
CheckFunctionExists.c:(.text+0x10): undefined reference to `putmsg'
collect2: error: ld returned 1 exit status
gmake[1]: *** [CMakeFiles/cmTC_c85b5.dir/build.make:99: cmTC_c85b5] Error 1
gmake[1]: Leaving directory '/home/nvidia/df/libpcap-1.9.1/build/CMakeFiles/CMakeTmp'
gmake: *** [Makefile:127: cmTC_c85b5/fast] Error 2



Determining if the function putmsg exists in the str failed with the following output:
Change Dir: /home/nvidia/df/libpcap-1.9.1/build/CMakeFiles/CMakeTmp

Run Build Command(s):/usr/bin/gmake -f Makefile cmTC_f2a5f/fast && /usr/bin/gmake  -f CMakeFiles/cmTC_f2a5f.dir/build.make CMakeFiles/cmTC_f2a5f.dir/build
gmake[1]: Entering directory '/home/nvidia/df/libpcap-1.9.1/build/CMakeFiles/CMakeTmp'
Building C object CMakeFiles/cmTC_f2a5f.dir/CheckFunctionExists.c.o
/home/nvidia/df/HAD/S73a2/toolchain/arm-gnu-toolchain-12.2.rel1-x86_64-aarch64-none-linux-gnu/bin/aarch64-none-linux-gnu-gcc   -DCHECK_FUNCTION_EXISTS=putmsg -o CMakeFiles/cmTC_f2a5f.dir/CheckFunctionExists.c.o -c /usr/share/cmake-3.22/Modules/CheckFunctionExists.c
Linking C executable cmTC_f2a5f
/usr/bin/cmake -E cmake_link_script CMakeFiles/cmTC_f2a5f.dir/link.txt --verbose=1
/home/nvidia/df/HAD/S73a2/toolchain/arm-gnu-toolchain-12.2.rel1-x86_64-aarch64-none-linux-gnu/bin/aarch64-none-linux-gnu-gcc  -DCHECK_FUNCTION_EXISTS=putmsg -rdynamic CMakeFiles/cmTC_f2a5f.dir/CheckFunctionExists.c.o -o cmTC_f2a5f  -lstr 
/home/nvidia/df/HAD/S73a2/toolchain/arm-gnu-toolchain-12.2.rel1-x86_64-aarch64-none-linux-gnu/bin/../lib/gcc/aarch64-none-linux-gnu/12.2.1/../../../../aarch64-none-linux-gnu/bin/ld: cannot find -lstr: No such file or directory
collect2: error: ld returned 1 exit status
gmake[1]: *** [CMakeFiles/cmTC_f2a5f.dir/build.make:99: cmTC_f2a5f] Error 1
gmake[1]: Leaving directory '/home/nvidia/df/libpcap-1.9.1/build/CMakeFiles/CMakeTmp'
gmake: *** [Makefile:127: cmTC_f2a5f/fast] Error 2



Performing C SOURCE FILE Test HAVE_STRUCT_SOCKADDR_SA_LEN failed with the following output:
Change Dir: /home/nvidia/df/libpcap-1.9.1/build/CMakeFiles/CMakeTmp

Run Build Command(s):/usr/bin/gmake -f Makefile cmTC_7d097/fast && /usr/bin/gmake  -f CMakeFiles/cmTC_7d097.dir/build.make CMakeFiles/cmTC_7d097.dir/build
gmake[1]: Entering directory '/home/nvidia/df/libpcap-1.9.1/build/CMakeFiles/CMakeTmp'
Building C object CMakeFiles/cmTC_7d097.dir/src.c.o
/home/nvidia/df/HAD/S73a2/toolchain/arm-gnu-toolchain-12.2.rel1-x86_64-aarch64-none-linux-gnu/bin/aarch64-none-linux-gnu-gcc -DHAVE_STRUCT_SOCKADDR_SA_LEN   -o CMakeFiles/cmTC_7d097.dir/src.c.o -c /home/nvidia/df/libpcap-1.9.1/build/CMakeFiles/CMakeTmp/src.c
/home/nvidia/df/libpcap-1.9.1/build/CMakeFiles/CMakeTmp/src.c: In function ‘main’:
/home/nvidia/df/libpcap-1.9.1/build/CMakeFiles/CMakeTmp/src.c:6:38: error: ‘struct sockaddr’ has no member named ‘sa_len’
    6 |   (void)sizeof(((struct sockaddr *)0)->sa_len);
      |                                      ^~
gmake[1]: *** [CMakeFiles/cmTC_7d097.dir/build.make:78: CMakeFiles/cmTC_7d097.dir/src.c.o] Error 1
gmake[1]: Leaving directory '/home/nvidia/df/libpcap-1.9.1/build/CMakeFiles/CMakeTmp'
gmake: *** [Makefile:127: cmTC_7d097/fast] Error 2


Source file was:

#include <sys/socket.h>

int main()
{
  (void)sizeof(((struct sockaddr *)0)->sa_len);
  return 0;
}

Determining if the ether_hostton exist failed with the following output:
Change Dir: /home/nvidia/df/libpcap-1.9.1/build/CMakeFiles/CMakeTmp

Run Build Command(s):/usr/bin/gmake -f Makefile cmTC_f41c3/fast && /usr/bin/gmake  -f CMakeFiles/cmTC_f41c3.dir/build.make CMakeFiles/cmTC_f41c3.dir/build
gmake[1]: Entering directory '/home/nvidia/df/libpcap-1.9.1/build/CMakeFiles/CMakeTmp'
Building C object CMakeFiles/cmTC_f41c3.dir/CheckSymbolExists.c.o
/home/nvidia/df/HAD/S73a2/toolchain/arm-gnu-toolchain-12.2.rel1-x86_64-aarch64-none-linux-gnu/bin/aarch64-none-linux-gnu-gcc    -o CMakeFiles/cmTC_f41c3.dir/CheckSymbolExists.c.o -c /home/nvidia/df/libpcap-1.9.1/build/CMakeFiles/CMakeTmp/CheckSymbolExists.c
/home/nvidia/df/libpcap-1.9.1/build/CMakeFiles/CMakeTmp/CheckSymbolExists.c: In function ‘main’:
/home/nvidia/df/libpcap-1.9.1/build/CMakeFiles/CMakeTmp/CheckSymbolExists.c:8:19: error: ‘ether_hostton’ undeclared (first use in this function)
    8 |   return ((int*)(&ether_hostton))[argc];
      |                   ^~~~~~~~~~~~~
/home/nvidia/df/libpcap-1.9.1/build/CMakeFiles/CMakeTmp/CheckSymbolExists.c:8:19: note: each undeclared identifier is reported only once for each function it appears in
gmake[1]: *** [CMakeFiles/cmTC_f41c3.dir/build.make:78: CMakeFiles/cmTC_f41c3.dir/CheckSymbolExists.c.o] Error 1
gmake[1]: Leaving directory '/home/nvidia/df/libpcap-1.9.1/build/CMakeFiles/CMakeTmp'
gmake: *** [Makefile:127: cmTC_f41c3/fast] Error 2


File /home/nvidia/df/libpcap-1.9.1/build/CMakeFiles/CMakeTmp/CheckSymbolExists.c:
/* */
#include <net/ethernet.h>

int main(int argc, char** argv)
{
  (void)argv;
#ifndef ether_hostton
  return ((int*)(&ether_hostton))[argc];
#else
  (void)argc;
  return 0;
#endif
}
Determining if files sys/types.h;net/bpf.h exist failed with the following output:
Change Dir: /home/nvidia/df/libpcap-1.9.1/build/CMakeFiles/CMakeTmp

Run Build Command(s):/usr/bin/gmake -f Makefile cmTC_e1f24/fast && /usr/bin/gmake  -f CMakeFiles/cmTC_e1f24.dir/build.make CMakeFiles/cmTC_e1f24.dir/build
gmake[1]: Entering directory '/home/nvidia/df/libpcap-1.9.1/build/CMakeFiles/CMakeTmp'
Building C object CMakeFiles/cmTC_e1f24.dir/HAVE_NET_BPF_H.c.o
/home/nvidia/df/HAD/S73a2/toolchain/arm-gnu-toolchain-12.2.rel1-x86_64-aarch64-none-linux-gnu/bin/aarch64-none-linux-gnu-gcc    -o CMakeFiles/cmTC_e1f24.dir/HAVE_NET_BPF_H.c.o -c /home/nvidia/df/libpcap-1.9.1/build/CMakeFiles/CheckIncludeFiles/HAVE_NET_BPF_H.c
/home/nvidia/df/libpcap-1.9.1/build/CMakeFiles/CheckIncludeFiles/HAVE_NET_BPF_H.c:3:10: fatal error: net/bpf.h: No such file or directory
    3 | #include <net/bpf.h>
      |          ^~~~~~~~~~~
compilation terminated.
gmake[1]: *** [CMakeFiles/cmTC_e1f24.dir/build.make:78: CMakeFiles/cmTC_e1f24.dir/HAVE_NET_BPF_H.c.o] Error 1
gmake[1]: Leaving directory '/home/nvidia/df/libpcap-1.9.1/build/CMakeFiles/CMakeTmp'
gmake: *** [Makefile:127: cmTC_e1f24/fast] Error 2


Source:
/* */
#include <sys/types.h>
#include <net/bpf.h>


int main(void){return 0;}

Determining if the include file net/pfilt.h exists failed with the following output:
Change Dir: /home/nvidia/df/libpcap-1.9.1/build/CMakeFiles/CMakeTmp

Run Build Command(s):/usr/bin/gmake -f Makefile cmTC_78c36/fast && /usr/bin/gmake  -f CMakeFiles/cmTC_78c36.dir/build.make CMakeFiles/cmTC_78c36.dir/build
gmake[1]: Entering directory '/home/nvidia/df/libpcap-1.9.1/build/CMakeFiles/CMakeTmp'
Building C object CMakeFiles/cmTC_78c36.dir/CheckIncludeFile.c.o
/home/nvidia/df/HAD/S73a2/toolchain/arm-gnu-toolchain-12.2.rel1-x86_64-aarch64-none-linux-gnu/bin/aarch64-none-linux-gnu-gcc    -o CMakeFiles/cmTC_78c36.dir/CheckIncludeFile.c.o -c /home/nvidia/df/libpcap-1.9.1/build/CMakeFiles/CMakeTmp/CheckIncludeFile.c
/home/nvidia/df/libpcap-1.9.1/build/CMakeFiles/CMakeTmp/CheckIncludeFile.c:1:10: fatal error: net/pfilt.h: No such file or directory
    1 | #include <net/pfilt.h>
      |          ^~~~~~~~~~~~~
compilation terminated.
gmake[1]: *** [CMakeFiles/cmTC_78c36.dir/build.make:78: CMakeFiles/cmTC_78c36.dir/CheckIncludeFile.c.o] Error 1
gmake[1]: Leaving directory '/home/nvidia/df/libpcap-1.9.1/build/CMakeFiles/CMakeTmp'
gmake: *** [Makefile:127: cmTC_78c36/fast] Error 2



Determining if the include file net/enet.h exists failed with the following output:
Change Dir: /home/nvidia/df/libpcap-1.9.1/build/CMakeFiles/CMakeTmp

Run Build Command(s):/usr/bin/gmake -f Makefile cmTC_14111/fast && /usr/bin/gmake  -f CMakeFiles/cmTC_14111.dir/build.make CMakeFiles/cmTC_14111.dir/build
gmake[1]: Entering directory '/home/nvidia/df/libpcap-1.9.1/build/CMakeFiles/CMakeTmp'
Building C object CMakeFiles/cmTC_14111.dir/CheckIncludeFile.c.o
/home/nvidia/df/HAD/S73a2/toolchain/arm-gnu-toolchain-12.2.rel1-x86_64-aarch64-none-linux-gnu/bin/aarch64-none-linux-gnu-gcc    -o CMakeFiles/cmTC_14111.dir/CheckIncludeFile.c.o -c /home/nvidia/df/libpcap-1.9.1/build/CMakeFiles/CMakeTmp/CheckIncludeFile.c
/home/nvidia/df/libpcap-1.9.1/build/CMakeFiles/CMakeTmp/CheckIncludeFile.c:1:10: fatal error: net/enet.h: No such file or directory
    1 | #include <net/enet.h>
      |          ^~~~~~~~~~~~
compilation terminated.
gmake[1]: *** [CMakeFiles/cmTC_14111.dir/build.make:78: CMakeFiles/cmTC_14111.dir/CheckIncludeFile.c.o] Error 1
gmake[1]: Leaving directory '/home/nvidia/df/libpcap-1.9.1/build/CMakeFiles/CMakeTmp'
gmake: *** [Makefile:127: cmTC_14111/fast] Error 2



Determining if the include file net/nit.h exists failed with the following output:
Change Dir: /home/nvidia/df/libpcap-1.9.1/build/CMakeFiles/CMakeTmp

Run Build Command(s):/usr/bin/gmake -f Makefile cmTC_6a2bf/fast && /usr/bin/gmake  -f CMakeFiles/cmTC_6a2bf.dir/build.make CMakeFiles/cmTC_6a2bf.dir/build
gmake[1]: Entering directory '/home/nvidia/df/libpcap-1.9.1/build/CMakeFiles/CMakeTmp'
Building C object CMakeFiles/cmTC_6a2bf.dir/CheckIncludeFile.c.o
/home/nvidia/df/HAD/S73a2/toolchain/arm-gnu-toolchain-12.2.rel1-x86_64-aarch64-none-linux-gnu/bin/aarch64-none-linux-gnu-gcc    -o CMakeFiles/cmTC_6a2bf.dir/CheckIncludeFile.c.o -c /home/nvidia/df/libpcap-1.9.1/build/CMakeFiles/CMakeTmp/CheckIncludeFile.c
/home/nvidia/df/libpcap-1.9.1/build/CMakeFiles/CMakeTmp/CheckIncludeFile.c:1:10: fatal error: net/nit.h: No such file or directory
    1 | #include <net/nit.h>
      |          ^~~~~~~~~~~
compilation terminated.
gmake[1]: *** [CMakeFiles/cmTC_6a2bf.dir/build.make:78: CMakeFiles/cmTC_6a2bf.dir/CheckIncludeFile.c.o] Error 1
gmake[1]: Leaving directory '/home/nvidia/df/libpcap-1.9.1/build/CMakeFiles/CMakeTmp'
gmake: *** [Makefile:127: cmTC_6a2bf/fast] Error 2



Determining if the include file sys/net/nit.h exists failed with the following output:
Change Dir: /home/nvidia/df/libpcap-1.9.1/build/CMakeFiles/CMakeTmp

Run Build Command(s):/usr/bin/gmake -f Makefile cmTC_5e034/fast && /usr/bin/gmake  -f CMakeFiles/cmTC_5e034.dir/build.make CMakeFiles/cmTC_5e034.dir/build
gmake[1]: Entering directory '/home/nvidia/df/libpcap-1.9.1/build/CMakeFiles/CMakeTmp'
Building C object CMakeFiles/cmTC_5e034.dir/CheckIncludeFile.c.o
/home/nvidia/df/HAD/S73a2/toolchain/arm-gnu-toolchain-12.2.rel1-x86_64-aarch64-none-linux-gnu/bin/aarch64-none-linux-gnu-gcc    -o CMakeFiles/cmTC_5e034.dir/CheckIncludeFile.c.o -c /home/nvidia/df/libpcap-1.9.1/build/CMakeFiles/CMakeTmp/CheckIncludeFile.c
/home/nvidia/df/libpcap-1.9.1/build/CMakeFiles/CMakeTmp/CheckIncludeFile.c:1:10: fatal error: sys/net/nit.h: No such file or directory
    1 | #include <sys/net/nit.h>
      |          ^~~~~~~~~~~~~~~
compilation terminated.
gmake[1]: *** [CMakeFiles/cmTC_5e034.dir/build.make:78: CMakeFiles/cmTC_5e034.dir/CheckIncludeFile.c.o] Error 1
gmake[1]: Leaving directory '/home/nvidia/df/libpcap-1.9.1/build/CMakeFiles/CMakeTmp'
gmake: *** [Makefile:127: cmTC_5e034/fast] Error 2



Determining if the include file net/raw.h exists failed with the following output:
Change Dir: /home/nvidia/df/libpcap-1.9.1/build/CMakeFiles/CMakeTmp

Run Build Command(s):/usr/bin/gmake -f Makefile cmTC_99482/fast && /usr/bin/gmake  -f CMakeFiles/cmTC_99482.dir/build.make CMakeFiles/cmTC_99482.dir/build
gmake[1]: Entering directory '/home/nvidia/df/libpcap-1.9.1/build/CMakeFiles/CMakeTmp'
Building C object CMakeFiles/cmTC_99482.dir/CheckIncludeFile.c.o
/home/nvidia/df/HAD/S73a2/toolchain/arm-gnu-toolchain-12.2.rel1-x86_64-aarch64-none-linux-gnu/bin/aarch64-none-linux-gnu-gcc    -o CMakeFiles/cmTC_99482.dir/CheckIncludeFile.c.o -c /home/nvidia/df/libpcap-1.9.1/build/CMakeFiles/CMakeTmp/CheckIncludeFile.c
/home/nvidia/df/libpcap-1.9.1/build/CMakeFiles/CMakeTmp/CheckIncludeFile.c:1:10: fatal error: net/raw.h: No such file or directory
    1 | #include <net/raw.h>
      |          ^~~~~~~~~~~
compilation terminated.
gmake[1]: *** [CMakeFiles/cmTC_99482.dir/build.make:78: CMakeFiles/cmTC_99482.dir/CheckIncludeFile.c.o] Error 1
gmake[1]: Leaving directory '/home/nvidia/df/libpcap-1.9.1/build/CMakeFiles/CMakeTmp'
gmake: *** [Makefile:127: cmTC_99482/fast] Error 2



Determining if the include file sys/dlpi.h exists failed with the following output:
Change Dir: /home/nvidia/df/libpcap-1.9.1/build/CMakeFiles/CMakeTmp

Run Build Command(s):/usr/bin/gmake -f Makefile cmTC_5be5e/fast && /usr/bin/gmake  -f CMakeFiles/cmTC_5be5e.dir/build.make CMakeFiles/cmTC_5be5e.dir/build
gmake[1]: Entering directory '/home/nvidia/df/libpcap-1.9.1/build/CMakeFiles/CMakeTmp'
Building C object CMakeFiles/cmTC_5be5e.dir/CheckIncludeFile.c.o
/home/nvidia/df/HAD/S73a2/toolchain/arm-gnu-toolchain-12.2.rel1-x86_64-aarch64-none-linux-gnu/bin/aarch64-none-linux-gnu-gcc    -o CMakeFiles/cmTC_5be5e.dir/CheckIncludeFile.c.o -c /home/nvidia/df/libpcap-1.9.1/build/CMakeFiles/CMakeTmp/CheckIncludeFile.c
/home/nvidia/df/libpcap-1.9.1/build/CMakeFiles/CMakeTmp/CheckIncludeFile.c:1:10: fatal error: sys/dlpi.h: No such file or directory
    1 | #include <sys/dlpi.h>
      |          ^~~~~~~~~~~~
compilation terminated.
gmake[1]: *** [CMakeFiles/cmTC_5be5e.dir/build.make:78: CMakeFiles/cmTC_5be5e.dir/CheckIncludeFile.c.o] Error 1
gmake[1]: Leaving directory '/home/nvidia/df/libpcap-1.9.1/build/CMakeFiles/CMakeTmp'
gmake: *** [Makefile:127: cmTC_5be5e/fast] Error 2



Determining if the function nl_socket_alloc exists failed with the following output:
Change Dir: /home/nvidia/df/libpcap-1.9.1/build/CMakeFiles/CMakeTmp

Run Build Command(s):/usr/bin/gmake -f Makefile cmTC_c7474/fast && /usr/bin/gmake  -f CMakeFiles/cmTC_c7474.dir/build.make CMakeFiles/cmTC_c7474.dir/build
gmake[1]: Entering directory '/home/nvidia/df/libpcap-1.9.1/build/CMakeFiles/CMakeTmp'
Building C object CMakeFiles/cmTC_c7474.dir/CheckFunctionExists.c.o
/home/nvidia/df/HAD/S73a2/toolchain/arm-gnu-toolchain-12.2.rel1-x86_64-aarch64-none-linux-gnu/bin/aarch64-none-linux-gnu-gcc   -DCHECK_FUNCTION_EXISTS=nl_socket_alloc -o CMakeFiles/cmTC_c7474.dir/CheckFunctionExists.c.o -c /usr/share/cmake-3.22/Modules/CheckFunctionExists.c
Linking C executable cmTC_c7474
/usr/bin/cmake -E cmake_link_script CMakeFiles/cmTC_c7474.dir/link.txt --verbose=1
/home/nvidia/df/HAD/S73a2/toolchain/arm-gnu-toolchain-12.2.rel1-x86_64-aarch64-none-linux-gnu/bin/aarch64-none-linux-gnu-gcc  -DCHECK_FUNCTION_EXISTS=nl_socket_alloc -rdynamic CMakeFiles/cmTC_c7474.dir/CheckFunctionExists.c.o -o cmTC_c7474  -lnl-3 
/home/nvidia/df/HAD/S73a2/toolchain/arm-gnu-toolchain-12.2.rel1-x86_64-aarch64-none-linux-gnu/bin/../lib/gcc/aarch64-none-linux-gnu/12.2.1/../../../../aarch64-none-linux-gnu/bin/ld: cannot find -lnl-3: No such file or directory
collect2: error: ld returned 1 exit status
gmake[1]: *** [CMakeFiles/cmTC_c7474.dir/build.make:99: cmTC_c7474] Error 1
gmake[1]: Leaving directory '/home/nvidia/df/libpcap-1.9.1/build/CMakeFiles/CMakeTmp'
gmake: *** [Makefile:127: cmTC_c7474/fast] Error 2



Determining if files linux/compiler.h exist failed with the following output:
Change Dir: /home/nvidia/df/libpcap-1.9.1/build/CMakeFiles/CMakeTmp

Run Build Command(s):/usr/bin/gmake -f Makefile cmTC_0ded6/fast && /usr/bin/gmake  -f CMakeFiles/cmTC_0ded6.dir/build.make CMakeFiles/cmTC_0ded6.dir/build
gmake[1]: Entering directory '/home/nvidia/df/libpcap-1.9.1/build/CMakeFiles/CMakeTmp'
Building C object CMakeFiles/cmTC_0ded6.dir/HAVE_LINUX_COMPILER_H.c.o
/home/nvidia/df/HAD/S73a2/toolchain/arm-gnu-toolchain-12.2.rel1-x86_64-aarch64-none-linux-gnu/bin/aarch64-none-linux-gnu-gcc    -o CMakeFiles/cmTC_0ded6.dir/HAVE_LINUX_COMPILER_H.c.o -c /home/nvidia/df/libpcap-1.9.1/build/CMakeFiles/CheckIncludeFiles/HAVE_LINUX_COMPILER_H.c
/home/nvidia/df/libpcap-1.9.1/build/CMakeFiles/CheckIncludeFiles/HAVE_LINUX_COMPILER_H.c:2:10: fatal error: linux/compiler.h: No such file or directory
    2 | #include <linux/compiler.h>
      |          ^~~~~~~~~~~~~~~~~~
compilation terminated.
gmake[1]: *** [CMakeFiles/cmTC_0ded6.dir/build.make:78: CMakeFiles/cmTC_0ded6.dir/HAVE_LINUX_COMPILER_H.c.o] Error 1
gmake[1]: Leaving directory '/home/nvidia/df/libpcap-1.9.1/build/CMakeFiles/CMakeTmp'
gmake: *** [Makefile:127: cmTC_0ded6/fast] Error 2


Source:
/* */
#include <linux/compiler.h>


int main(void){return 0;}

Performing C SOURCE FILE Test PCAP_SUPPORT_NETMAP failed with the following output:
Change Dir: /home/nvidia/df/libpcap-1.9.1/build/CMakeFiles/CMakeTmp

Run Build Command(s):/usr/bin/gmake -f Makefile cmTC_30cdd/fast && /usr/bin/gmake  -f CMakeFiles/cmTC_30cdd.dir/build.make CMakeFiles/cmTC_30cdd.dir/build
gmake[1]: Entering directory '/home/nvidia/df/libpcap-1.9.1/build/CMakeFiles/CMakeTmp'
Building C object CMakeFiles/cmTC_30cdd.dir/src.c.o
/home/nvidia/df/HAD/S73a2/toolchain/arm-gnu-toolchain-12.2.rel1-x86_64-aarch64-none-linux-gnu/bin/aarch64-none-linux-gnu-gcc -DPCAP_SUPPORT_NETMAP   -o CMakeFiles/cmTC_30cdd.dir/src.c.o -c /home/nvidia/df/libpcap-1.9.1/build/CMakeFiles/CMakeTmp/src.c
/home/nvidia/df/libpcap-1.9.1/build/CMakeFiles/CMakeTmp/src.c:2:10: fatal error: net/netmap_user.h: No such file or directory
    2 | #include <net/netmap_user.h>
      |          ^~~~~~~~~~~~~~~~~~~
compilation terminated.
gmake[1]: *** [CMakeFiles/cmTC_30cdd.dir/build.make:78: CMakeFiles/cmTC_30cdd.dir/src.c.o] Error 1
gmake[1]: Leaving directory '/home/nvidia/df/libpcap-1.9.1/build/CMakeFiles/CMakeTmp'
gmake: *** [Makefile:127: cmTC_30cdd/fast] Error 2


Source file was:
#define NETMAP_WITH_LIBS
#include <net/netmap_user.h>

int
main(void)
{
    return 0;
}

Determining if the include file bluetooth/bluetooth.h exists failed with the following output:
Change Dir: /home/nvidia/df/libpcap-1.9.1/build/CMakeFiles/CMakeTmp

Run Build Command(s):/usr/bin/gmake -f Makefile cmTC_18474/fast && /usr/bin/gmake  -f CMakeFiles/cmTC_18474.dir/build.make CMakeFiles/cmTC_18474.dir/build
gmake[1]: Entering directory '/home/nvidia/df/libpcap-1.9.1/build/CMakeFiles/CMakeTmp'
Building C object CMakeFiles/cmTC_18474.dir/CheckIncludeFile.c.o
/home/nvidia/df/HAD/S73a2/toolchain/arm-gnu-toolchain-12.2.rel1-x86_64-aarch64-none-linux-gnu/bin/aarch64-none-linux-gnu-gcc    -o CMakeFiles/cmTC_18474.dir/CheckIncludeFile.c.o -c /home/nvidia/df/libpcap-1.9.1/build/CMakeFiles/CMakeTmp/CheckIncludeFile.c
/home/nvidia/df/libpcap-1.9.1/build/CMakeFiles/CMakeTmp/CheckIncludeFile.c:1:10: fatal error: bluetooth/bluetooth.h: No such file or directory
    1 | #include <bluetooth/bluetooth.h>
      |          ^~~~~~~~~~~~~~~~~~~~~~~
compilation terminated.
gmake[1]: *** [CMakeFiles/cmTC_18474.dir/build.make:78: CMakeFiles/cmTC_18474.dir/CheckIncludeFile.c.o] Error 1
gmake[1]: Leaving directory '/home/nvidia/df/libpcap-1.9.1/build/CMakeFiles/CMakeTmp'
gmake: *** [Makefile:127: cmTC_18474/fast] Error 2



Determining if the function ibv_get_device_list exists in the ibverbs failed with the following output:
Change Dir: /home/nvidia/df/libpcap-1.9.1/build/CMakeFiles/CMakeTmp

Run Build Command(s):/usr/bin/gmake -f Makefile cmTC_cc682/fast && /usr/bin/gmake  -f CMakeFiles/cmTC_cc682.dir/build.make CMakeFiles/cmTC_cc682.dir/build
gmake[1]: Entering directory '/home/nvidia/df/libpcap-1.9.1/build/CMakeFiles/CMakeTmp'
Building C object CMakeFiles/cmTC_cc682.dir/CheckFunctionExists.c.o
/home/nvidia/df/HAD/S73a2/toolchain/arm-gnu-toolchain-12.2.rel1-x86_64-aarch64-none-linux-gnu/bin/aarch64-none-linux-gnu-gcc   -DCHECK_FUNCTION_EXISTS=ibv_get_device_list -o CMakeFiles/cmTC_cc682.dir/CheckFunctionExists.c.o -c /usr/share/cmake-3.22/Modules/CheckFunctionExists.c
Linking C executable cmTC_cc682
/usr/bin/cmake -E cmake_link_script CMakeFiles/cmTC_cc682.dir/link.txt --verbose=1
/home/nvidia/df/HAD/S73a2/toolchain/arm-gnu-toolchain-12.2.rel1-x86_64-aarch64-none-linux-gnu/bin/aarch64-none-linux-gnu-gcc  -DCHECK_FUNCTION_EXISTS=ibv_get_device_list -rdynamic CMakeFiles/cmTC_cc682.dir/CheckFunctionExists.c.o -o cmTC_cc682  -libverbs 
/home/nvidia/df/HAD/S73a2/toolchain/arm-gnu-toolchain-12.2.rel1-x86_64-aarch64-none-linux-gnu/bin/../lib/gcc/aarch64-none-linux-gnu/12.2.1/../../../../aarch64-none-linux-gnu/bin/ld: cannot find -libverbs: No such file or directory
collect2: error: ld returned 1 exit status
gmake[1]: *** [CMakeFiles/cmTC_cc682.dir/build.make:99: cmTC_cc682] Error 1
gmake[1]: Leaving directory '/home/nvidia/df/libpcap-1.9.1/build/CMakeFiles/CMakeTmp'
gmake: *** [Makefile:127: cmTC_cc682/fast] Error 2



Determining if the include file msg.h exists failed with the following output:
Change Dir: /home/nvidia/df/libpcap-1.9.1/build/CMakeFiles/CMakeTmp

Run Build Command(s):/usr/bin/gmake -f Makefile cmTC_dc27e/fast && /usr/bin/gmake  -f CMakeFiles/cmTC_dc27e.dir/build.make CMakeFiles/cmTC_dc27e.dir/build
gmake[1]: Entering directory '/home/nvidia/df/libpcap-1.9.1/build/CMakeFiles/CMakeTmp'
Building C object CMakeFiles/cmTC_dc27e.dir/CheckIncludeFile.c.o
/home/nvidia/df/HAD/S73a2/toolchain/arm-gnu-toolchain-12.2.rel1-x86_64-aarch64-none-linux-gnu/bin/aarch64-none-linux-gnu-gcc  -I/home/nvidia/df/libpcap-1.9.1/../septel/INC  -o CMakeFiles/cmTC_dc27e.dir/CheckIncludeFile.c.o -c /home/nvidia/df/libpcap-1.9.1/build/CMakeFiles/CMakeTmp/CheckIncludeFile.c
/home/nvidia/df/libpcap-1.9.1/build/CMakeFiles/CMakeTmp/CheckIncludeFile.c:1:10: fatal error: msg.h: No such file or directory
    1 | #include <msg.h>
      |          ^~~~~~~
compilation terminated.
gmake[1]: *** [CMakeFiles/cmTC_dc27e.dir/build.make:78: CMakeFiles/cmTC_dc27e.dir/CheckIncludeFile.c.o] Error 1
gmake[1]: Leaving directory '/home/nvidia/df/libpcap-1.9.1/build/CMakeFiles/CMakeTmp'
gmake: *** [Makefile:127: cmTC_dc27e/fast] Error 2



